2024-02-26 13:20:41,495 - ERROR - Error processing CIFRW: 'NoneType' object has no attribute 'iloc'
2024-02-26 13:20:42,029 - ERROR - Error processing CINGW: 'NoneType' object has no attribute 'iloc'
2024-02-26 13:20:42,475 - ERROR - Error processing CITEW: 'NoneType' object has no attribute 'iloc'
2024-02-26 13:20:43,259 - ERROR - Error processing CLBTW: 'NoneType' object has no attribute 'iloc'
2024-02-26 13:20:44,353 - ERROR - Error processing CLNNW: 'NoneType' object has no attribute 'iloc'
2024-02-26 13:20:44,718 - ERROR - Error processing CLOER: 'NoneType' object has no attribute 'iloc'
2024-02-26 13:20:45,402 - ERROR - Error processing CLRCR: 'NoneType' object has no attribute 'iloc'
2024-02-26 13:20:45,635 - ERROR - Error processing CLRCW: 'NoneType' object has no attribute 'iloc'
2024-02-26 13:20:46,495 - ERROR - Error processing CMAXW: 'NoneType' object has no attribute 'iloc'
2024-02-26 13:20:46,819 - ERROR - Error processing CMCAW: 'NoneType' object has no attribute 'iloc'
2024-02-26 13:20:47,863 - ERROR - Error processing CMPOW: 'NoneType' object has no attribute 'iloc'
2024-02-26 13:20:48,868 - ERROR - Error processing CNFRZ: 'NoneType' object has no attribute 'iloc'
2024-02-26 13:20:49,612 - ERROR - Error processing BTBDW: 'NoneType' object has no attribute 'iloc'
2024-02-26 13:20:50,702 - ERROR - Error processing COCHW: 'NoneType' object has no attribute 'iloc'
2024-02-26 13:20:51,289 - ERROR - Error processing COEPW: 'NoneType' object has no attribute 'iloc'
2024-02-26 13:20:53,447 - ERROR - Error processing CONXW: 'NoneType' object has no attribute 'iloc'
2024-02-26 13:20:55,367 - ERROR - Error processing CORZW: 'NoneType' object has no attribute 'iloc'
2024-02-26 13:20:55,447 - ERROR - Error processing CORZZ: 'NoneType' object has no attribute 'iloc'
2024-02-26 13:21:00,055 - ERROR - Error processing CPTNW: 'NoneType' object has no attribute 'iloc'
2024-02-26 13:21:00,917 - ERROR - Error processing CRESW: 'NoneType' object has no attribute 'iloc'
2024-02-26 13:21:01,191 - ERROR - Error processing CREVW: 'NoneType' object has no attribute 'iloc'
2024-02-26 13:21:01,588 - ERROR - Error processing CRGOW: 'NoneType' object has no attribute 'iloc'
2024-02-26 13:21:04,497 - ERROR - Error processing CSLMR: 'NoneType' object has no attribute 'iloc'
2024-02-26 13:21:04,660 - ERROR - Error processing CSLMW: 'NoneType' object has no attribute 'iloc2024-02-26 13:21:06,215 - ERROR - Error processing CCTSW: 'NoneType' object has no attribute 'iloc'
2024-02-26 13:21:06,487 - ERROR - Error processing CDAQW: 'NoneType' object has no attribute 'iloc'
202024-02-26 13:21:06,895 - ERROR - Error processing CTCXW: 'NoneType' object has no attribute 'iloc202024-02-26 13:21:08,670 - ERROR - Error processing CURIW: 'NoneType' object has no attribute 'iloc'
2024-02-26 13:21:09,651 - ERROR - Error processing CVIIW: 'NoneType' object has no attribute 'iloc'
2024-02-26 13:21:11,054 - ERROR - Error processing CXAIW: 'NoneType' object has no attribute 'iloc'
2024-02-26 13:21:13,360 - ERROR - Error processing HTZWW: 'NoneType' object has no attribute 'iloc'
2024-02-26 13:21:13,533 - ERROR - Error processing HUBCW: 'NoneType' object has no attribute 'iloc'
2024-02-26 13:21:13,623 - ERROR - Error processing HUBCZ: 'NoneType' object has no attribute 'iloc'
2024-02-26 13:21:14,373 - ERROR - Error processing HUMAW: 'NoneType' object has no attribute 'iloc'
2024-02-26 13:21:15,864 - ERROR - Error processing HYMCW: 'NoneType' object has no attribute 'iloc'
2024-02-26 13:21:16,412 - ERROR - Error processing HYZNW: 'NoneType' object has no attribute 'iloc'
2024-02-26 13:21:20,163 - ERROR - Error processing ICUCW: 'NoneType' object has no attribute 'iloc'
2024-02-26 13:21:22,657 - ERROR - IGTAR: Period '60d' is invalid, must be one of ['1d', '5d']
2024-02-26 13:21:22,657 - INFO - No data returned for IGTAR
2024-02-26 13:21:22,829 - ERROR - Error processing IGTAW: 'NoneType' object has no attribute 'iloc'
2024-02-26 13:21:24,295 - ERROR - IMAQR: Period '60d' is invalid, must be one of ['1d', '5d']
2024-02-26 13:21:24,295 - INFO - No data returned for IMAQR
2024-02-26 13:21:24,462 - ERROR - Error processing IMAQW: 'NoneType' object has no attribute 'iloc'
2024-02-26 13:21:26,263 - ERROR - Error processing IMTXW: 'NoneType' object has no attribute 'iloc'
2024-02-26 13:21:30,168 - ERROR - Error processing INTEW: 'NoneType' object has no attribute 'iloc'
2024-02-26 13:21:31,207 - ERROR - Error processing INVZW: 'NoneType' object has no attribute 'iloc'
2024-02-26 13:21:33,127 - ERROR - Error processing IPXXW: 'NoneType' object has no attribute 'iloc'
2024-02-26 13:21:33,518 - ERROR - Error processing IRAAW: 'NoneType' object has no attribute 'iloc'
2024-02-26 13:21:34,095 - ERROR - Error processing IROH: 'NoneType' object has no attribute 'iloc'
2024-02-26 13:21:34,168 - ERROR - IROHR: Period '60d' is invalid, must be one of ['1d', '5d']
2024-02-26 13:21:34,168 - INFO - No data returned for IROHR
2024-02-26 13:21:34,359 - ERROR - Error processing IROHW: 'NoneType' object has no attribute 'iloc'
2024-02-26 13:21:35,537 - ERROR - Error processing ISRLW: 'NoneType' object has no attribute 'iloc'
2024-02-26 13:21:37,788 - ERROR - Error processing IVCAW: 'NoneType' object has no attribute 'iloc'
2024-02-26 13:21:38,059 - ERROR - Error processing IVCBW: 'NoneType' object has no attribute 'iloc'
2024-02-26 13:21:38,308 - ERROR - Error processing IVCPW: 'NoneType' object has no attribute 'iloc'
2024-02-26 13:21:38,511 - ERROR - Error processing IVDAW: 'NoneType' object has no attribute 'iloc'
2024-02-26 13:21:39,168 - ERROR - Error processing IXAQW: 'NoneType' object has no attribute 'iloc'
2024-02-26 13:21:41,189 - ERROR - Error processing JFBRW: 'NoneType' object has no attribute 'iloc'
2024-02-26 13:21:43,170 - ERROR - Error processing JSPRW: 'NoneType' object has no attribute 'iloc'
2024-02-26 13:21:43,357 - ERROR - Error processing JTAIW: 'NoneType' object has no attribute 'iloc'
2024-02-26 13:21:43,697 - ERROR - NNAGR: Period '60d' is invalid, must be one of ['1d', '5d']
2024-02-26 13:21:43,698 - INFO - No data returned for NNAGR
2024-02-26 13:21:43,881 - ERROR - Error processing NNAGW: 'NoneType' object has no attribute 'iloc'
2024-02-26 13:21:43,960 - ERROR - Error processing NNAVW: 'NoneType' object has no attribute 'iloc'
2024-02-26 13:21:44,682 - ERROR - NOVVR: Period '60d' is invalid, must be one of ['1d', '5d']
2024-02-26 13:21:44,682 - INFO - No data returned for NOVVR
2024-02-26 13:21:44,865 - ERROR - Error processing NOVVW: 'NoneType' object has no attribute 'iloc'
2024-02-26 13:21:45,129 - ERROR - Error processing NPABW: 'NoneType' object has no attribute 'iloc'
2024-02-26 13:21:45,921 - ERROR - Error processing NRSNW: 'NoneType' object has no attribute 'iloc'
2024-02-26 13:21:46,099 - ERROR - Error processing NRXPW: 'NoneType' object has no attribute 'iloc'
2024-02-26 13:21:48,997 - ERROR - NVACR: Period '60d' is invalid, must be one of ['1d', '5d']
2024-02-26 13:21:48,997 - INFO - No data returned for NVACR
2024-02-26 13:21:49,090 - ERROR - Error processing NVACW: 'NoneType' object has no attribute 'iloc'
2024-02-26 13:21:49,803 - INFO - Ticker NVDS meets criteria with RSI 23.72042150962354, average volume 1759387.2, and last day volume 3042832.0
2024-02-26 13:21:50,756 - ERROR - Error processing NVNIW: 'NoneType' object has no attribute 'iloc'
2024-02-26 13:21:51,193 - ERROR - Error processing NVVEW: 'NoneType' object has no attribute 'iloc'
2024-02-26 13:21:52,507 - ERROR - Error processing NWTNW: 'NoneType' object has no attribute 'iloc'
2024-02-26 13:21:52,680 - ERROR - Error processing NXGLW: 'NoneType' object has no attribute 'iloc'
2024-02-26 13:21:52,908 - ERROR - Error processing NX2024-02-26 13:21:53,274 - ERROR - Error processing MITAW: 'NoneType' object has no attribute 'iloc'
2024-02-26 13:21:54,288 - ERROR - Error process2024-02-26 13:21:54,875 - ERROR - Error processing OA2024-02-26 13:21:55,163 - ERROR - Error process2024-02-26 13:21:55,219 - ERROR - Error processing OA2024-02-26 13:21:56,668 - ERROR - Error processing MNTSW: 'NoneType' object has no attribute 'iloc'
2024-02-26 13:21:57,343 - ERROR - Error processing MOBXW: 'NoneType' object has no attribute 'iloc'
2024-02-26 13:22:00,866 - ERROR - Error processing MSAIW: 'NoneType' object has no attribute 'iloc'
2024-02-26 13:22:01,835 - ERROR - MSSAR: Period '60d' is invalid, must be one of ['1d', '5d']
2024-02-26 13:22:01,835 - INFO - No data returned for MSSAR
2024-02-26 13:22:02,056 - ERROR - Error processing MSSAW: 'NoneType' object has no attribute 'iloc'
2024-02-26 13:22:02,573 - ERROR - Error processing MTEKW: 'NoneType' object has no attribute 'iloc'
2024-02-26 13:22:03,911 - ERROR - Error processing MVLAW: 'NoneType' object has no attribute 'iloc'
2024-02-26 13:22:04,093 - ERROR - Error processing MVSTW: 'NoneType' object has no attribute 2024-022024-02-26 13:22:05,219 - ERROR - Error processing nan: 'float' object has no attribute 'uppe2022024-02-26 13:22:06,897 - ERROR - Error processing NBSTW: 'NoneType' object has no attribute 'ilo2024-02-26 13:22:09,562 - ERROR - Error processing PAVMZ: 'NoneType' object has no attribute 'iloc'
2024-02-26 13:22:09,905 - ERROR - Error processing PAYOW: 'NoneType' object has no attribute 'iloc'
2024-02-26 13:22:10,841 - ERROR - Error processing PBMWW: 'NoneType' object has no attribute 'iloc'
2024-02-26 13:22:11,904 - ERROR - Error processing PCTTW: 'NoneType' object has no attribute 'iloc'
2024-02-26 13:22:13,743 - ERROR - Error processing PEGRW: 'NoneType' object has no attribute 'iloc'
2024-02-26 13:22:13,887 - ERROR - Error processing TELO: 'NoneType' object has no attribute 'iloc'
20242024-02-26 13:22:15,725 - ERROR - Error processing SLACW: 'NoneType' object has no attribute 'iloc'
2024-02-26 13:22:15,979 - ERROR - Error processing SLAMW: 'NoneType' object has no attribute 'iloc'
2024-02-26 13:22:16,286 - ERROR - Error processing SLDPW: 'NoneType' object has no attribute 'iloc'
2024-02-26 13:22:16,997 - ERROR - Error processing SLNAW: 'NoneType' object has no attribute 'iloc'
2024-02-26 13:22:20,029 - ERROR - Error processing SMXWW: 'NoneType' object has no attribute 'iloc'
2024-02-26 13:22:20,295 - ERROR - Error processing SNAXW: 'NoneType' object has no attribute 'iloc'
2024-02-26 13:22:23,832 - ERROR - Error processing SONDW: 'NoneType' object has no attribute 'iloc'
2024-02-26 13:22:24,531 - ERROR - Error processing SOUNW: 'NoneType' object has no attribute 'iloc'
2024-02-26 13:22:25,741 - ERROR - Error processing SPECW: 'NoneType' object has no attribute 'iloc'
2024-02-26 13:22:26,296 - ERROR - Error processing SPKLW: 'NoneType' object has no attribute 'iloc'
2024-02-26 13:22:28,134 - ERROR - Error processing SQFTW: 'NoneType' object has no attribute 'iloc'
2024-02-26 13:22:29,529 - ERROR - Error processing SRZNW: 'NoneType' object has no attribute 'iloc'
2024-02-26 13:22:32,068 - ERROR - Error processing STIXW: 'NoneType' object has no attribute 'iloc'
20242024-02-26 13:22:33,220 - ERROR - Error processing UHGWW: 'NoneType' object has no attribute 'iloc'
2024-02-26 13:22:33,577 - ERROR - Error processing2024-02-26 13:22:33,843 - ERROR - Error processing2024-02-26 13:22:37,138 - ERROR - Error processing USCTW: 'NoneType' object has no attribute 'iloc'
2024-02-26 13:22:37,569 - ERROR - Error processing USGOW: 'NoneType' object has no attribute 'iloc'
2024-02-26 13:22:42,352 - ERROR - Error processing VERBW: 'NoneType' object has no attribute 'iloc'
2024-02-26 13:22:43,558 - ERROR - Error processing VGASW: 'NoneType' object has no attribute 'iloc'
2024-02-26 13:22:44,606 - ERROR - Error processing VIEWW: 'NoneType' object has no attribute 'iloc'
oc'
2024-02-26 13:22:35,810 - ERROR - Error processing SVREW: 'NoneType' object has no attribute 'iloc'
2024-02-26 13:22:35,973 - ERROR - Error processing SWAGW: 'NoneType' object has no attribute 'iloc'
2024-02-26 13:22:36,951 - ERROR - Error processing SWSSW: 'NoneType' object has no attribute 'iloc'
2024-02-26 13:22:37,215 - ERROR - Error processing SWVLW: 'NoneType' object has no attribute 'iloc'
2024-02-26 13:22:37,619 - ERROR - Error processing SXTPW: 'NoneType' object has no attribute 'iloc'
2024-02-26 13:22:38,784 - ERROR - Error processing SYTAW: 'NoneType' object has no attribute 'iloc'
2024-02-26 13:22:39,065 - ERROR - Error processing SZZLW: 'NoneType' object has no attribute 'iloc'
2024-02-26 13:22:39,493 - ERROR - Error processing TALKW: 'NoneType' object has no attribute 'iloc'
2024-02-26 13:22:40,859 - ERROR - Error processing TBLAW: 'NoneType' object has no attribute 'iloc'
2024-02-26 13:22:42,254 - ERROR - Error processing TCBPW: 'NoneType' object has no attribute 'iloc'
eriod '60d' is invalid, must be one of ['1d', '5d']
2024-02-26 13:22:39,944 - INFO - No data returned for YOTAR
2024-02-26 13:22:40,112 - ERROR - Error processing YOTAW: 'NoneType' object has no attribute 'iloc'
2024-02-26 13:22:40,496 - ERROR - Error processing YSBPW: 'NoneType' object has no attribute 'iloc'
2024-02-26 13:22:41,104 - ERROR - Error processing ZAPPW: 'NoneType' object has no attribute 'iloc'
2024-02-26 13:22:42,413 - ERROR - ZAZZT: No data found, symbol may be delisted
2024-02-26 13:22:42,413 - INFO - No data returned for ZAZZT
2024-02-26 13:22:43,391 - ERROR - ZBZZT: No data found, symbol may be delisted
2024-02-26 13:22:43,392 - INFO - No data returned for ZBZZT
2024-02-26 13:22:43,566 - ERROR - Error processing ZCARW: 'NoneType' object has no attribute 'iloc'
2024-02-26 13:22:44,459 - ERROR - ZCZZT: No data found, symbol may be delisted
2024-02-26 13:22:44,460 - INFO - No data returned for ZCZZT
2024-02-26 13:22:45,979 - ERROR - ZJZZT: Period '60d' is invalid, must be one of ['1d', '5d']
2024-02-26 13:22:45,980 - INFO - No data returned for ZJZZT
2024-02-26 13:22:46,453 - ERROR - Error processing ZLSWW: 'NoneType' object has no attribute 'iloc'
2024-02-26 13:22:47,245 - ERROR - Error processing ZURAW: 'NoneType' object has no attribute 'iloc'
2024-02-26 13:22:47,518 - ERROR - ZVZZT: Period '60d' is invalid, must be one of ['1d', '5d']
2024-02-26 13:22:47,518 - INFO - No data returned for ZVZZT
2024-02-26 13:22:47,600 - ERROR - ZWZZT: Period '60d' is invalid, must be one of ['1d', '5d']
2024-02-26 13:22:47,601 - INFO - No data returned for ZWZZT
2024-02-26 13:22:49,333 - ERROR - ZXYZ.A: No data found, symbol may be delisted
2024-02-26 13:22:49,333 - INFO - No data returned for ZXYZ.A
2024-02-26 13:22:49,412 - ERROR - ZXZZT: Period '60d' is invalid, must be one of ['1d', '5d']
2024-02-26 13:22:49,413 - INFO - No data returned for ZXZZT
