2024-02-27 15:05:16,027 - ERROR - Error processing CIFRW: 'NoneType' object has no attribute 'iloc'
2024-02-27 15:05:16,526 - ERROR - Error processing CINGW: 'NoneType' object has no attribute 'iloc'
2024-02-27 15:05:17,019 - ERROR - Error processing CITEW: 'NoneType' object has no attribute 'iloc'
2024-02-27 15:05:17,892 - ERROR - Error processing CLBTW: 'NoneType' object has no attribute 'iloc'
2024-02-27 15:05:19,520 - ERROR - Error processing CLNNW: 'NoneType' object has no attribute 'iloc'
2024-02-27 15:05:20,263 - ERROR - Error processing CLOER: 'NoneType' object has no attribute 'iloc'
2024-02-27 15:05:20,987 - ERROR - Error processing CLRCR: 'NoneType' object has no attribute 'iloc'
2024-02-27 15:05:21,155 - ERROR - Error processing CLRCW: 'NoneType' object has no attribute 'iloc'
2024-02-27 15:05:21,997 - ERROR - Error processing CMAXW: 'NoneType' object has no attribute 'iloc'
2024-02-27 15:05:22,459 - ERROR - Error processing CMCAW: 'NoneType' object has no attribute 'iloc'
2024-02-27 15:05:23,312 - ERROR - Error processing CMPOW: 'NoneType' object has no attribute 'iloc'
2024-02-27 15:05:24,243 - ERROR - Error processing CNFRZ: 'NoneType' object has no attribute 'iloc'
2024-02-27 15:05:25,282 - ERROR - Error processing BTBDW: 'NoneType' object has no attribute 'iloc'
2024-02-27 15:05:25,788 - ERROR - Error processing COCHW: 'NoneType' object has no attribute 'iloc'
2024-02-27 15:05:26,376 - ERROR - Error processing COEPW: 'NoneType' object has no attribute 'iloc'22024-02-27 15:05:27,876 - ERROR - Error processing CONXW: 'NoneType' object has no attribute 'iloc'
2024-02-27 15:05:28,727 - ERROR - Error processing CORZW: 'NoneType' object has no attribute 'iloc'
2024-02-27 15:05:28,804 - ERROR - Error processing CORZZ: 'NoneType' object has no attribute 'iloc'
2024-02-27 15:05:30,366 - ERROR - Error processing CPTNW: 'NoneType' object has no attribute 'iloc'
2024-02-27 15:05:31,380 - ERROR - Error processing CRESW: 'NoneType' object has no attribute 'iloc'
2024-02-27 15:05:31,666 - ERROR - Error processing CREVW: 'NoneType' object has no attribute 'iloc'
2024-02-27 15:05:31,985 - ERROR - Error processing CRGOW: 'NoneType' object has no attribute 'iloc'
2024-02-27 15:05:34,663 - ERROR - Error processing CSLMR: 'NoneType' object has no attribute 'iloc'
2024-02-27 15:05:34,824 - ERROR - Error processing CSLMW: 'NoneType' object has no attribute 'iloc2024-02-27 15:05:36,916 - ERROR - Error processing CCTSW: 'NoneType' object has no attribute 'iloc'
2024-02-27 15:05:37,177 - ERROR - Error processing CDAQW: 'NoneType' object has no attribute 'iloc'
2024-02-27 15:05:37,432 - ERROR - Error processing CDIOW: 'NoneType' object has no attribute 'iloc'
202024-02-27 15:05:38,552 - ERROR - Error processing CURIW: 'NoneType' object has no attribute 'iloc'
2024-02-27 15:05:39,428 - ERROR - Error processing CVIIW: 'NoneType' object has no attribute 'iloc'
2024-02-27 15:05:40,526 - ERROR - Error processing CXAIW: 'NoneType' object has no attribute 'iloc'
2024-02-27 15:05:42,944 - ERROR - Error processing GDEVW: 'NoneType' object has no attribute 'iloc'
2024-02-27 15:05:43,366 - ERROR - Error processing GDSTR: 'NoneType' object has no attribute 'iloc'
2024-02-27 15:05:43,532 - ERROR - Error processing GDSTW: 'NoneType' object has no attribute 'iloc'
2024-02-27 15:05:44,038 - ERROR - Error processing GECCZ: 'NoneType' object has no attribute 'iloc'
2024-02-27 15:05:45,035 - ERROR - Error processing GFAIW: 'NoneType' object has no attribute 'iloc'
2024-02-27 15:05:45,845 - ERROR - Error processing GGROW: 'NoneType' object has no attribute 'iloc'
2024-02-27 15:05:46,188 - ERROR - Error processing GHIXW: 'NoneType' object has no attribute 'iloc'
2024-02-27 15:05:47,088 - ERROR - Error processing GIPRW: 'NoneType' object has no attribute 'iloc'
2024-02-27 15:05:47,241 - ERROR - Error processing GLACR: 'NoneType' object has no attribute 'iloc'
2024-02-27 15:05:48,182 - ERROR - Error processing GLLIR: 'NoneType' object has no attribute 'iloc'
2024-02-27 15:05:48,473 - ERROR - Error processing GLLIW: 'NoneType' object has no attribute 'iloc2024-02-27 15:05:49,635 - ERROR - Error processing ICUCW: 'NoneType' object has no attribute 'iloc'
2024-02-27 15:05:51,977 - ERROR - IGTAR: Period '60d' is invalid, must be one of ['1d', '5d']
2024-02-27 15:05:51,977 - INFO - No data returned for IGTAR
2024-02-27 15:05:52,144 - ERROR - Error processing IGTAW: 'NoneType' object has no attribute 'iloc'
2024-02-27 15:05:53,689 - ERROR - IMAQR: Period '60d' is invalid, must be one of ['1d', '5d']
2024-02-27 15:05:53,689 - INFO - No data returned for IMAQR
2024-02-27 15:05:53,863 - ERROR - Error processing IMAQW: 'NoneType' object has no attribute 'iloc'
2024-02-27 15:05:55,645 - ERROR - Error processing IMTXW: 'NoneType' object has no attribute 'iloc'
2024-02-27 15:05:59,344 - ERROR - Error processing INTEW: 'NoneType' object has no attribute 'iloc'
2024-02-27 15:06:00,463 - ERROR - Error processing INVZW: 'NoneType' object has no attribute 'iloc'
2024-02-27 15:06:02,300 - ERROR - Error processing IPXXW: 'NoneType' object has no attribute 'iloc'
2024-02-27 15:06:02,639 - ERROR - Error processing IRAAW: 'NoneType' object has no attribute 'iloc'
2024-02-27 15:06:03,239 - ERROR - Error processing IROH: 'NoneType' object has no attribute 'iloc'
2024-02-27 15:06:03,314 - ERROR - IROHR: Period '60d' is invalid, must be one of ['1d', '5d']
2024-02-27 15:06:03,314 - INFO - No data returned for IROHR
2024-02-27 15:06:03,478 - ERROR - Error processing IROHW: 'NoneType' object has no attribute 'iloc'
2024-02-27 15:06:04,732 - ERROR - Error processing ISRLW: 'NoneType' object has no attribute 'iloc'
2024-02-27 15:06:06,785 - ERROR - Error processing IVCAW: 'NoneType' object has no attribute 'iloc'
2024-02-27 15:06:07,042 - ERROR - Error processing IVCBW: 'NoneType' object has no attribute 'iloc'
2024-02-27 15:06:07,323 - ERROR - Error processing IVCPW: 'NoneType' object has no attribute 'iloc'
2024-02-27 15:06:07,488 - ERROR - Error processing IVDAW: 'NoneType' object has no attribute 'iloc'
2024-02-27 15:06:08,176 - ERROR - Error processing IXAQW: 'NoneType' object has no attribute 'iloc'
2024-02-27 15:06:10,539 - ERROR - Error processing JFBRW: 'NoneType' object has no attribute 'iloc'
2024-02-27 15:06:12,624 - ERROR - Error processing JSPRW: 'NoneType' object has no attribute 'iloc'
2024-02-27 15:06:12,803 - ERROR - Error processing JTAIW: 'NoneType' object has no attribute 'iloc'
2024-02-27 15:06:13,196 - ERROR - NNAGR: Period '60d' is invalid, must be one of ['1d', '5d']
2024-02-27 15:06:13,196 - INFO - No data returned for NNAGR
2024-02-27 15:06:13,373 - ERROR - Error processing NNAGW: 'NoneType' object has no attribute 'iloc'
2024-02-27 15:06:13,458 - ERROR - Error processing NNAVW: 'NoneType' object has no attribute 'iloc'
2024-02-27 15:06:14,590 - ERROR - NOVVR: Period '60d' is invalid, must be one of ['1d', '5d']
2024-02-27 15:06:14,591 - INFO - No data returned for NOVVR
2024-02-27 15:06:14,764 - ERROR - Error processing NOVVW: 'NoneType' object has no attribute 'iloc'
2024-02-27 15:06:15,021 - ERROR - Error processing NPABW: 'NoneType' object has no attribute 'iloc'
2024-02-27 15:06:15,511 - ERROR - NRES: Period 2024-02-27 15:06:16,345 - ERROR - Error processing PFTAW: 'NoneType' object has no attribute 'iloc'
2024-02-27 15:06:18,531 - ERROR - Error processing PIIIW: 'NoneType' object has no attribute 'iloc'
2024-02-27 15:06:20,011 - ERROR - Error processing PLAOW: 'NoneType' object has no attribute 'iloc'
2024-02-27 15:06:20,798 - ERROR - Error processing PLMIW: 'NoneType' object has no attribute 'iloc'
2024-02-27 15:06:21,032 - ERROR - Error processing PLMJU: 'NoneType' object has no attribute 'iloc'
2024-02-27 15:06:21,117 - ERROR - Error processing PLMJW: 'None2024-02-27 15:06:21,371 - ERROR - Err2024-02-27 15:06:21,978 - ERROR - PLTNR: Period '60d' is inva2024-02-27 15:06:23,188 - ERROR - Error processing MITAW: 'NoneType' object has no attribute 'iloc'
2024-02-27 15:06:24,026 - ERROR - Error processing MLECW: 'NoneType' object has no attribute 'iloc'
2024-02-27 15:06:24,842 - ERROR - Error processing MMVWW: 'NoneType' object has no attribute 2024-022024-02-27 15:06:26,344 - ERROR - Error processing MNTSW: 'NoneType' object has no attribute 'iloc'
2024-02-27 15:06:26,941 - ERROR - Error processing MOBXW: 'NoneType' object has no attribute 'iloc'
2024-02-27 15:06:30,434 - ERROR - Error processing MSAIW: 'NoneType' object has no attribute 'iloc'
2024-02-27 15:06:31,502 - ERROR - MSSAR: Period '60d' is invalid, must be one of ['1d', '5d']
2024-02-27 15:06:31,502 - INFO - No data returned for MSSAR
2024-02-27 15:06:31,684 - ERROR - Error processing MSSAW: 'NoneType' object has no attribute 'iloc'
2024-02-27 15:06:32,101 - ERROR - Error processing MTEKW: 'NoneType' object has no attribute 'iloc'
2024-02-27 15:06:33,280 - ERROR - Error processing MVLAW: 'NoneType' object has no attribute 2024-022024-02-27 15:06:33,461 - ERROR - Error processing MVSTW: 'NoneType' object has no attribute 2024-022024-02-27 15:06:34,565 - ERROR - Error processing nan: 'float' object has no attribute 'uppe2022024-02-27 15:06:36,356 - ERROR - Error processing NBSTW: 'NoneType' object has no attribute 'iloc'
2024-02-27 15:06:37,070 - ERROR - Error processing NCNCW: 'NoneType' object has no attribute 'iloc'
2024-02-27 15:06:37,325 - ERROR - Error processing NCPLW: 'NoneType' object has no attribute 'ilo2022024-02-27 15:06:38,692 - ERROR - Error processing NEOVW: 'NoneType' object has no attribute 'iloc'
2024-02-27 15:06:39,326 - ERROR - Error processing NETDW: 'NoneType' object has no attribute 'iloc'
2024-02-27 15:06:41,153 - ERROR - Error processing NIOBW: 'NoneType' object has no attribute 'iloc'
2024-02-27 15:06:41,608 - ERROR - Error processing NKGNW: 'NoneType' object has no attribute 'iloc'
2024-02-27 15:06:43,592 - ERROR - Error processing RCACW: 'NoneType' object has no attribute 'iloc'
2024-02-27 15:06:43,996 - ERROR - Error processing RCKTW: 'NoneType' object has no attribute 'iloc'
2024-02-27 15:06:44,547 - ERROR - Error processing RCRTW: 'NoneType' object has no attribute 'iloc'
2024-02-27 15:06:45,709 - ERROR - Error processing RDZNW: 'NoneType' object has no attribute 'iloc'
2024-02-27 15:06:47,292 - ERROR - Error processing RELIW: 'NoneType' object has no attribute 'iloc'
2024-02-27 15:06:48,320 - ERROR - Error process2024-02-27 15:06:48,426 - ERROR - Error processing VR2024-02-27 15:06:48,612 - ERROR - RFACR: Period2024-02-27 15:06:49,669 - ERROR - Error processing VSACW: 'NoneType' object has no attribute 'iloc'
2024-02-27 15:06:50,631 - ERROR - Error processing VSTEW: 'NoneType' object has no attribute 'iloc'
2024-02-27 15:06:52,603 - ERROR - Error processing VWEWW: 'NoneType' object has no attribute 'iloc'
2024-02-27 15:06:54,638 - ERROR - Error processing WAVSW: 'NoneType' object has no attribute 'iloc'
2024-02-27 15:06:56,198 - ERROR - Error processing WESTW: 'NoneType' object has no attribute 'iloc'
2024-02-27 15:06:56,432 - ERROR - Error processing WETH: 'NoneType' object has no attribute 'iloc'
2024-02-2024-02-27 15:06:58,097 - ERROR - Error processing RUMBW: 'NoneType' object has no attribute 'iloc'
2024-02-27 15:06:58,651 - ERROR - Error processing RVMDW: 'NoneType' object has no attribute 'iloc'
2024-02-27 15:06:58,923 - ERROR - Error processing RVPHW: '2024-02-27 15:06:58,976 - ERROR - Error p2024-02-27 15:06:59,202 - ERROR - Error processing RVSNW: '2024-02-27 15:07:02,907 - ERROR - Error processing UHGWW: 'NoneType' object has no attribute 'iloc'
2024-02-27 15:07:03,320 - ERROR - Error processing UKOMW: 'NoneType' object has no attribute 'iloc'
2024-02-27 15:07:06,643 - ERROR - Error processing USCTW: 'NoneType' object has no attribute 'iloc'
2024-02-27 15:07:07,084 - ERROR - Error processing USGOW: 'NoneType' object has no attribute 'iloc'
2024-02-27 15:07:12,020 - ERROR - Error processing VERBW: 'NoneType' object has no attribute 'iloc'
2024-02-27 15:07:13,202 - ERROR - Error processing VGASW: 'NoneType' object has no attribute 'iloc'
2024-02-27 15:07:14,196 - ERROR - Error processing VIEWW: 'NoneType' object has no attribute 'iloc'
NoneType' object has no attribute 'iloc'
2024-02-27 15:07:06,877 - ERROR - Error processing XPDBW: 'NoneType' object has no attribute 'iloc'
2024-02-27 15:07:09,201 - ERROR - YOTAR: Period '60d' is invalid, must be one of ['1d', '5d']
2024-02-27 15:07:09,202 - INFO - No data returned for YOTAR
2024-02-27 15:07:09,362 - ERROR - Error processing YOTAW: 'NoneType' object has no attribute 'iloc'
2024-02-27 15:07:09,681 - ERROR - Error processing YSBPW: 'NoneType' object has no attribute 'iloc'
2024-02-27 15:07:10,283 - ERROR - Error processing ZAP2024-02-27 15:07:10,869 - ERROR - Error proces2024-02-27 15:07:11,678 - ERROR - ZAZZT: No data found, symbol may be delisted
2024-02-27 15:07:11,678 - INFO - No data returned for ZAZZT
2024-02-27 15:07:12,640 - ERROR - ZBZZT: No data found, symbol may be delisted
2024-02-27 15:07:12,641 - INFO - No data returned for ZBZZT
2024-02-27 15:07:12,833 - ERROR - Error processing ZCARW: 'NoneType' object has no attribute 'iloc'
2024-02-27 15:07:13,864 - ERROR - ZCZZT: No data found, symbol may be delisted
2024-02-27 15:07:13,864 - INFO - No data returned for ZCZZT
2024-02-27 15:07:15,414 - ERROR - ZJZZT: Period '60d' is invalid, must be one of ['1d', '5d']
2024-02-27 15:07:15,414 - INFO - No data returned for ZJZZT
2024-02-27 15:07:15,924 - ERROR - Error processing ZLSWW: 'NoneType' object has no attribute 'iloc'
2024-02-27 15:07:16,674 - ERROR - Error processing ZURAW: 'NoneType' object has no attribute 'iloc'
2024-02-27 15:07:17,068 - ERROR - ZVZZT: Period '60d' is invalid, must be one of ['1d', '5d']
2024-02-27 15:07:17,069 - INFO - No data returned for ZVZZT
2024-02-27 15:07:17,144 - ERROR - ZWZZT: Period '60d' is invalid, must be one of ['1d', '5d']
2024-02-27 15:07:17,145 - INFO - No data returned for ZWZZT
2024-02-27 15:07:18,985 - ERROR - ZXYZ.A: No data found, symbol may be delisted
2024-02-27 15:07:18,986 - INFO - No data returned for ZXYZ.A
2024-02-27 15:07:19,075 - ERROR - ZXZZT: Period '60d' is invalid, must be one of ['1d', '5d']
2024-02-27 15:07:19,075 - INFO - No data returned for ZXZZT
