2024-02-27 03:30:49,311 - root - INFO - Data saved to /Users/collin/corporate-america-online/analysis/processing/Market_Share_Quarterly_Data.txt
2024-02-27 03:30:49,405 - root - INFO - Data saved to /Users/collin/corporate-america-online/analysis/processing/Market_Share_Yearly_Data.txt
2024-02-27 03:30:49,694 - root - INFO - Data saved to /Users/collin/corporate-america-online/analysis/processing/Rates_Data.txt
2024-02-27 03:30:51,645 - root - INFO - Data saved to /Users/collin/corporate-america-online/analysis/processing/Public_Inspection_Data.txt
2024-02-27 03:30:52,037 - root - INFO - Data saved to /Users/collin/corporate-america-online/analysis/processing/FRED_Data.txt
2024-02-27 03:35:57,594 - root - INFO - Data saved to /Users/collin/corporate-america-online/analysis/processing/Market_Share_Quarterly_Data.txt
2024-02-27 03:35:57,693 - root - INFO - Data saved to /Users/collin/corporate-america-online/analysis/processing/Market_Share_Yearly_Data.txt
2024-02-27 03:35:57,819 - root - INFO - Data saved to /Users/collin/corporate-america-online/analysis/processing/Rates_Data.txt
2024-02-27 03:35:59,522 - root - INFO - Data saved to /Users/collin/corporate-america-online/analysis/processing/Public_Inspection_Data.txt
2024-02-27 03:36:00,052 - root - INFO - Data saved to /Users/collin/corporate-america-online/analysis/processing/FRED_Data.txt
2024-02-27 03:41:22,397 - root - INFO - Data saved to /Users/collin/corporate-america-online/analysis/processing/Market_Share_Quarterly_Data.txt
2024-02-27 03:41:22,506 - root - INFO - Data saved to /Users/collin/corporate-america-online/analysis/processing/Market_Share_Yearly_Data.txt
2024-02-27 03:41:22,702 - root - INFO - Data saved to /Users/collin/corporate-america-online/analysis/processing/Rates_Data.txt
2024-02-27 03:41:24,449 - root - INFO - Data saved to /Users/collin/corporate-america-online/analysis/processing/Public_Inspection_Data.txt
2024-02-27 03:41:24,931 - root - INFO - Data saved to /Users/collin/corporate-america-online/analysis/processing/FRED_Data.txt
2024-02-27 03:44:11,016 - root - INFO - Data saved to /Users/collin/corporate-america-online/analysis/processing/Market_Share_Quarterly_Data.txt
2024-02-27 03:44:11,111 - root - INFO - Data saved to /Users/collin/corporate-america-online/analysis/processing/Market_Share_Yearly_Data.txt
2024-02-27 03:44:11,325 - root - INFO - Data saved to /Users/collin/corporate-america-online/analysis/processing/Rates_Data.txt
2024-02-27 03:44:13,076 - root - INFO - Data saved to /Users/collin/corporate-america-online/analysis/processing/Public_Inspection_Data.txt
2024-02-27 03:44:13,438 - root - INFO - Data saved to /Users/collin/corporate-america-online/analysis/processing/FRED_Data.txt
2024-02-27 04:06:06,519 - root - INFO - Data saved to /Users/collin/corporate-america-online/analysis/processing/Market_Share_Quarterly_Data.txt
2024-02-27 04:06:06,606 - root - INFO - Data saved to /Users/collin/corporate-america-online/analysis/processing/Market_Share_Yearly_Data.txt
2024-02-27 04:06:06,744 - root - INFO - Data saved to /Users/collin/corporate-america-online/analysis/processing/Rates_Data.txt
2024-02-27 04:06:08,409 - root - INFO - Data saved to /Users/collin/corporate-america-online/analysis/processing/Public_Inspection_Data.txt
2024-02-27 04:06:09,081 - root - INFO - Data saved to /Users/collin/corporate-america-online/analysis/processing/FRED_Data.txt
